2025-02-08 20:15 - DEBUG - Entering....
2025-02-08 20:15 - INFO -  * Restarting with watchdog (windowsapi)
2025-02-08 20:15 - DEBUG - Entering....
2025-02-08 20:15 - WARNING -  * Debugger is active!
2025-02-08 20:15 - INFO -  * Debugger PIN: 140-514-871
2025-02-08 20:15 - WARNING -  * Running on all addresses.
   WARNING: This is a development server. Do not use it in a production deployment.
2025-02-08 20:15 - INFO -  * Running on http://192.168.1.38:8000/ (Press CTRL+C to quit)
2025-02-08 20:15 - INFO -  * Detected change in 'D:\\Dana\\Documents\\SOFTWARE SEGURO\\Examen_02\\app\\custom_logger.py', reloading
2025-02-08 20:15 - INFO -  * Restarting with watchdog (windowsapi)
2025-02-08 20:15 - DEBUG - Entering....
2025-02-08 20:15 - WARNING -  * Debugger is active!
2025-02-08 20:15 - INFO -  * Debugger PIN: 140-514-871
2025-02-08 20:15 - WARNING -  * Running on all addresses.
   WARNING: This is a development server. Do not use it in a production deployment.
2025-02-08 20:15 - INFO -  * Running on http://192.168.1.38:8000/ (Press CTRL+C to quit)
2025-02-08 20:18 - DEBUG - Entering....
2025-02-08 20:18 - INFO -  * Restarting with watchdog (windowsapi)
2025-02-08 20:18 - DEBUG - Entering....
2025-02-08 20:18 - WARNING -  * Debugger is active!
2025-02-08 20:18 - INFO -  * Debugger PIN: 140-514-871
2025-02-08 20:18 - WARNING -  * Running on all addresses.
   WARNING: This is a development server. Do not use it in a production deployment.
2025-02-08 20:18 - INFO -  * Running on http://192.168.1.38:8000/ (Press CTRL+C to quit)
2025-02-08 20:21 - DEBUG - Entering....
2025-02-08 20:21 - INFO -  * Restarting with watchdog (windowsapi)
2025-02-08 20:21 - DEBUG - Entering....
2025-02-08 20:21 - WARNING -  * Debugger is active!
2025-02-08 20:21 - INFO -  * Debugger PIN: 140-514-871
2025-02-08 20:21 - WARNING -  * Running on all addresses.
   WARNING: This is a development server. Do not use it in a production deployment.
2025-02-08 20:21 - INFO -  * Running on http://192.168.1.38:8000/ (Press CTRL+C to quit)
2025-02-08 20:21 - INFO - 127.0.0.1 - - [08/Feb/2025 20:21:58] "[35m[1mGET / HTTP/1.1[0m" 500 -
2025-02-08 20:21 - INFO - 127.0.0.1 - - [08/Feb/2025 20:21:58] "GET /?__debugger__=yes&cmd=resource&f=debugger.js HTTP/1.1" 200 -
2025-02-08 20:21 - INFO - 127.0.0.1 - - [08/Feb/2025 20:21:58] "GET /?__debugger__=yes&cmd=resource&f=style.css HTTP/1.1" 200 -
2025-02-08 20:21 - INFO - 127.0.0.1 - - [08/Feb/2025 20:21:58] "GET /?__debugger__=yes&cmd=resource&f=ubuntu.ttf HTTP/1.1" 200 -
2025-02-08 20:21 - INFO - 127.0.0.1 - - [08/Feb/2025 20:21:58] "GET /?__debugger__=yes&cmd=resource&f=console.png HTTP/1.1" 200 -
2025-02-08 20:21 - INFO - 127.0.0.1 - - [08/Feb/2025 20:21:59] "GET /?__debugger__=yes&cmd=resource&f=console.png HTTP/1.1" 200 -
2025-02-08 20:31 - INFO -  * Detected change in 'C:\\Users\\Dana\\AppData\\Local\\Programs\\Python\\Python311\\Lib\\site-packages\\bcrypt\\__init__.py', reloading
2025-02-08 20:31 - INFO -  * Detected change in 'C:\\Users\\Dana\\AppData\\Local\\Programs\\Python\\Python311\\Lib\\site-packages\\bcrypt\\__init__.py', reloading
2025-02-08 20:31 - INFO -  * Detected change in 'C:\\Users\\Dana\\AppData\\Local\\Programs\\Python\\Python311\\Lib\\site-packages\\bcrypt\\__init__.py', reloading
2025-02-08 20:31 - INFO -  * Restarting with watchdog (windowsapi)
2025-02-08 20:31 - DEBUG - Entering....
2025-02-08 20:31 - WARNING -  * Debugger is active!
2025-02-08 20:31 - INFO -  * Debugger PIN: 140-514-871
2025-02-08 20:31 - WARNING -  * Running on all addresses.
   WARNING: This is a development server. Do not use it in a production deployment.
2025-02-08 20:31 - INFO -  * Running on http://192.168.1.38:8000/ (Press CTRL+C to quit)
2025-02-08 20:33 - INFO -  * Detected change in 'D:\\Dana\\Documents\\SOFTWARE SEGURO\\Examen_02\\app\\db.py', reloading
2025-02-08 20:33 - INFO -  * Detected change in 'D:\\Dana\\Documents\\SOFTWARE SEGURO\\Examen_02\\app\\db.py', reloading
2025-02-08 20:33 - INFO -  * Restarting with watchdog (windowsapi)
2025-02-08 20:33 - DEBUG - Entering....
2025-02-08 20:33 - WARNING -  * Debugger is active!
2025-02-08 20:33 - INFO -  * Debugger PIN: 140-514-871
2025-02-08 20:33 - WARNING -  * Running on all addresses.
   WARNING: This is a development server. Do not use it in a production deployment.
2025-02-08 20:33 - INFO -  * Running on http://192.168.1.38:8000/ (Press CTRL+C to quit)
2025-02-08 20:33 - INFO -  * Detected change in 'C:\\Users\\Dana\\AppData\\Local\\Programs\\Python\\Python311\\Lib\\re\\__init__.py', reloading
2025-02-08 20:33 - INFO -  * Restarting with watchdog (windowsapi)
2025-02-08 20:33 - DEBUG - Entering....
2025-02-08 20:33 - WARNING -  * Debugger is active!
2025-02-08 20:33 - INFO -  * Debugger PIN: 140-514-871
2025-02-08 20:33 - WARNING -  * Running on all addresses.
   WARNING: This is a development server. Do not use it in a production deployment.
2025-02-08 20:33 - INFO -  * Running on http://192.168.1.38:8000/ (Press CTRL+C to quit)
2025-02-08 20:39 - INFO -  * Detected change in 'D:\\Dana\\Documents\\SOFTWARE SEGURO\\Examen_02\\app\\main.py', reloading
2025-02-08 20:39 - INFO -  * Detected change in 'D:\\Dana\\Documents\\SOFTWARE SEGURO\\Examen_02\\app\\main.py', reloading
2025-02-08 20:39 - INFO -  * Detected change in 'D:\\Dana\\Documents\\SOFTWARE SEGURO\\Examen_02\\app\\main.py', reloading
2025-02-08 20:39 - INFO -  * Restarting with watchdog (windowsapi)
2025-02-08 20:39 - DEBUG - Entering....
2025-02-08 20:39 - WARNING -  * Debugger is active!
2025-02-08 20:39 - INFO -  * Debugger PIN: 140-514-871
2025-02-08 20:39 - WARNING -  * Running on all addresses.
   WARNING: This is a development server. Do not use it in a production deployment.
2025-02-08 20:39 - INFO -  * Running on http://192.168.1.38:8000/ (Press CTRL+C to quit)
2025-02-08 20:39 - INFO -  * Detected change in 'D:\\Dana\\Documents\\SOFTWARE SEGURO\\Examen_02\\app\\main.py', reloading
2025-02-08 20:39 - INFO -  * Detected change in 'D:\\Dana\\Documents\\SOFTWARE SEGURO\\Examen_02\\app\\main.py', reloading
2025-02-08 20:39 - INFO -  * Detected change in 'D:\\Dana\\Documents\\SOFTWARE SEGURO\\Examen_02\\app\\main.py', reloading
2025-02-08 20:39 - INFO -  * Restarting with watchdog (windowsapi)
